[22:27:29] [Client thread/INFO]: Setting user: Player649
[22:27:40] [Client thread/INFO]: LWJGL Version: 2.9.4
[22:27:59] [Client thread/INFO]: Reloading ResourceManager: Default, FMLFileResourcePack:Forge Mod Loader, FMLFileResourcePack:Minecraft Forge, FMLFileResourcePack:Just Enough Items, FMLFileResourcePack:Mechanical Expansion, FMLFileResourcePack:BC Silicon, FMLFileResourcePack:BC Transport, FMLFileResourcePack:BC Builders, FMLFileResourcePack:BC Energy, FMLFileResourcePack:BC Robotics, FMLFileResourcePack:BC Factory, FMLFileResourcePack:BuildCraft, FMLFileResourcePack:EnderCore, FMLFileResourcePack:Ender IO, FMLFileResourcePack:RFTools, FMLFileResourcePack:Waila, FMLFileResourcePack:Baubles
[22:28:26] [Sound Library Loader/INFO]: Starting up SoundSystem...
[22:28:26] [Thread-9/INFO]: Initializing LWJGL OpenAL
[22:28:26] [Thread-9/INFO]: (The LWJGL binding of OpenAL.  For more information, see http://www.lwjgl.org)
[22:28:26] [Thread-9/INFO]: OpenAL initialized.
[22:28:27] [Sound Library Loader/INFO]: Sound engine started
[22:28:30] [Client thread/WARN]: File rftools:sounds/deep_rumble.ogg does not exist, cannot add it to event rftools:deep_rumble
[22:28:30] [Client thread/WARN]: File rftools:sounds/wolfhowl.ogg does not exist, cannot add it to event rftools:wolfhowl
[22:28:47] [Client thread/INFO]: Created: 16x16 textures-atlas
[22:28:49] [Client thread/WARN]: Unable to resolve texture due to upward reference: #topdown in rftools:models/block/solid_shield_block
[22:28:49] [Client thread/WARN]: Unable to resolve texture due to upward reference: #topdown in rftools:models/block/solid_shield_block
[22:28:49] [Client thread/WARN]: Unable to resolve texture due to upward reference: #side in rftools:models/block/solid_shield_block
[22:28:49] [Client thread/WARN]: Unable to resolve texture due to upward reference: #side in rftools:models/block/solid_shield_block
[22:28:49] [Client thread/WARN]: Unable to resolve texture due to upward reference: #side in rftools:models/block/solid_shield_block
[22:28:49] [Client thread/WARN]: Unable to resolve texture due to upward reference: #side in rftools:models/block/solid_shield_block
[22:28:49] [Client thread/WARN]: Unable to resolve texture due to upward reference: #topdown in rftools:models/block/solid_shield_block
[22:28:49] [Client thread/WARN]: Unable to resolve texture due to upward reference: #topdown in rftools:models/block/solid_shield_block
[22:28:49] [Client thread/WARN]: Unable to resolve texture due to upward reference: #side in rftools:models/block/solid_shield_block
[22:28:49] [Client thread/WARN]: Unable to resolve texture due to upward reference: #side in rftools:models/block/solid_shield_block
[22:28:49] [Client thread/WARN]: Unable to resolve texture due to upward reference: #side in rftools:models/block/solid_shield_block
[22:28:49] [Client thread/WARN]: Unable to resolve texture due to upward reference: #side in rftools:models/block/solid_shield_block
[22:29:14] [Client thread/INFO]: Reloading ResourceManager: Default, FMLFileResourcePack:Forge Mod Loader, FMLFileResourcePack:Minecraft Forge, FMLFileResourcePack:Just Enough Items, FMLFileResourcePack:Mechanical Expansion, FMLFileResourcePack:BC Silicon, FMLFileResourcePack:BC Transport, FMLFileResourcePack:BC Builders, FMLFileResourcePack:BC Energy, FMLFileResourcePack:BC Robotics, FMLFileResourcePack:BC Factory, FMLFileResourcePack:BuildCraft, FMLFileResourcePack:EnderCore, FMLFileResourcePack:Ender IO, FMLFileResourcePack:RFTools, FMLFileResourcePack:Waila, FMLFileResourcePack:Baubles
[22:29:15] [Client thread/INFO]: SoundSystem shutting down...
[22:29:15] [Client thread/WARN]: Author: Paul Lamb, www.paulscode.com
[22:29:15] [Sound Library Loader/INFO]: Starting up SoundSystem...
[22:29:15] [Thread-13/INFO]: Initializing LWJGL OpenAL
[22:29:15] [Thread-13/INFO]: (The LWJGL binding of OpenAL.  For more information, see http://www.lwjgl.org)
[22:29:15] [Thread-13/INFO]: OpenAL initialized.
[22:29:15] [Sound Library Loader/INFO]: Sound engine started
[22:29:59] [Client thread/WARN]: File rftools:sounds/deep_rumble.ogg does not exist, cannot add it to event rftools:deep_rumble
[22:29:59] [Client thread/WARN]: File rftools:sounds/wolfhowl.ogg does not exist, cannot add it to event rftools:wolfhowl
[22:30:08] [Client thread/WARN]: Texture me:textures/item/copper_ingot.png with size 150x150 limits mip level from 4 to 1
[22:30:09] [Client thread/WARN]: textures: dropping miplevel from 4 to 1, because of minimum power of two: 2
[22:30:10] [Client thread/INFO]: Created: 1024x1024 textures-atlas
[22:30:12] [Client thread/WARN]: Unable to resolve texture due to upward reference: #topdown in rftools:models/block/solid_shield_block
[22:30:12] [Client thread/WARN]: Unable to resolve texture due to upward reference: #topdown in rftools:models/block/solid_shield_block
[22:30:12] [Client thread/WARN]: Unable to resolve texture due to upward reference: #side in rftools:models/block/solid_shield_block
[22:30:12] [Client thread/WARN]: Unable to resolve texture due to upward reference: #side in rftools:models/block/solid_shield_block
[22:30:12] [Client thread/WARN]: Unable to resolve texture due to upward reference: #side in rftools:models/block/solid_shield_block
[22:30:12] [Client thread/WARN]: Unable to resolve texture due to upward reference: #side in rftools:models/block/solid_shield_block
[22:30:12] [Client thread/WARN]: Unable to resolve texture due to upward reference: #topdown in rftools:models/block/solid_shield_block
[22:30:12] [Client thread/WARN]: Unable to resolve texture due to upward reference: #topdown in rftools:models/block/solid_shield_block
[22:30:12] [Client thread/WARN]: Unable to resolve texture due to upward reference: #side in rftools:models/block/solid_shield_block
[22:30:12] [Client thread/WARN]: Unable to resolve texture due to upward reference: #side in rftools:models/block/solid_shield_block
[22:30:12] [Client thread/WARN]: Unable to resolve texture due to upward reference: #side in rftools:models/block/solid_shield_block
[22:30:12] [Client thread/WARN]: Unable to resolve texture due to upward reference: #side in rftools:models/block/solid_shield_block
[22:30:19] [Realms Notification Availability checker #1/INFO]: Could not authorize you against Realms server: Invalid session id
[22:30:23] [Realms Notification Availability checker #1/INFO]: Could not authorize you against Realms server: Invalid session id
[22:30:24] [Server thread/INFO]: Starting integrated minecraft server version 1.8.9
[22:30:24] [Server thread/INFO]: Generating keypair
[22:30:25] [Server thread/INFO]: Preparing start region for level 0
[22:30:26] [Server thread/INFO]: Preparing spawn area: 53%
[22:30:28] [Realms Notification Availability checker #1/INFO]: Could not authorize you against Realms server: Invalid session id
[22:30:28] [Server thread/INFO]: Changing view distance to 12, from 10
[22:30:30] [Server thread/INFO]: Player649[local:E:10eedd3e] logged in with entity id 1239 at (-911.7194458203325, 58.0, -226.21686374193442)
[22:30:30] [Server thread/INFO]: Player649 joined the game
[22:30:35] [Server thread/WARN]: Can't keep up! Did the system time change, or is the server overloaded? Running 2413ms behind, skipping 48 tick(s)
[22:30:39] [pool-3-thread-1/WARN]: Couldn't look up profile properties for com.mojang.authlib.GameProfile@3de1a1f2[id=fc13d9f9-a806-3ae0-82c2-ce24ef162c15,name=Player649,properties={},legacy=false]
com.mojang.authlib.exceptions.AuthenticationException: The client has sent too many requests within a certain amount of time
	at com.mojang.authlib.yggdrasil.YggdrasilAuthenticationService.makeRequest(YggdrasilAuthenticationService.java:65) ~[YggdrasilAuthenticationService.class:?]
	at com.mojang.authlib.yggdrasil.YggdrasilMinecraftSessionService.fillGameProfile(YggdrasilMinecraftSessionService.java:175) [YggdrasilMinecraftSessionService.class:?]
	at com.mojang.authlib.yggdrasil.YggdrasilMinecraftSessionService$1.load(YggdrasilMinecraftSessionService.java:59) [YggdrasilMinecraftSessionService$1.class:?]
	at com.mojang.authlib.yggdrasil.YggdrasilMinecraftSessionService$1.load(YggdrasilMinecraftSessionService.java:56) [YggdrasilMinecraftSessionService$1.class:?]
	at com.google.common.cache.LocalCache$LoadingValueReference.loadFuture(LocalCache.java:3524) [guava-17.0.jar:?]
	at com.google.common.cache.LocalCache$Segment.loadSync(LocalCache.java:2317) [guava-17.0.jar:?]
	at com.google.common.cache.LocalCache$Segment.lockedGetOrLoad(LocalCache.java:2280) [guava-17.0.jar:?]
	at com.google.common.cache.LocalCache$Segment.get(LocalCache.java:2195) [guava-17.0.jar:?]
	at com.google.common.cache.LocalCache.get(LocalCache.java:3934) [guava-17.0.jar:?]
	at com.google.common.cache.LocalCache.getOrLoad(LocalCache.java:3938) [guava-17.0.jar:?]
	at com.google.common.cache.LocalCache$LocalLoadingCache.get(LocalCache.java:4821) [guava-17.0.jar:?]
	at com.google.common.cache.LocalCache$LocalLoadingCache.getUnchecked(LocalCache.java:4827) [guava-17.0.jar:?]
	at com.mojang.authlib.yggdrasil.YggdrasilMinecraftSessionService.fillProfileProperties(YggdrasilMinecraftSessionService.java:165) [YggdrasilMinecraftSessionService.class:?]
	at net.minecraft.client.Minecraft.func_181037_M(Minecraft.java:2915) [Minecraft.class:?]
	at net.minecraft.client.resources.SkinManager$3.run(SkinManager.java:130) [SkinManager$3.class:?]
	at java.util.concurrent.Executors$RunnableAdapter.call(Executors.java:511) [?:1.8.0_102]
	at java.util.concurrent.FutureTask.run(FutureTask.java:266) [?:1.8.0_102]
	at java.util.concurrent.ThreadPoolExecutor.runWorker(ThreadPoolExecutor.java:1142) [?:1.8.0_102]
	at java.util.concurrent.ThreadPoolExecutor$Worker.run(ThreadPoolExecutor.java:617) [?:1.8.0_102]
	at java.lang.Thread.run(Thread.java:745) [?:1.8.0_102]
[22:30:53] [Server thread/INFO]: Player649 has just earned the achievement [Taking Inventory]
[22:30:53] [Client thread/INFO]: [CHAT] Player649 has just earned the achievement [Taking Inventory]
[22:32:02] [Client thread/INFO]: [CHAT] [BuildCraft] The quarry at -909 56 -217 will keep 4 chunks loaded
[22:32:10] [Client thread/INFO]: [CHAT] [BuildCraft] The quarry at -908 56 -217 will keep 4 chunks loaded
[22:35:21] [Client thread/INFO]: Stopping!
[22:35:21] [Client thread/INFO]: SoundSystem shutting down...
[22:35:21] [Server thread/INFO]: Stopping server
[22:35:21] [Server thread/INFO]: Saving players
[22:35:21] [Server thread/INFO]: Saving worlds
[22:35:21] [Server thread/INFO]: Saving chunks for level 'Test World'/Overworld
[22:35:21] [Server thread/INFO]: Saving chunks for level 'Test World'/Nether
[22:35:21] [Server thread/INFO]: Saving chunks for level 'Test World'/The End
[22:35:21] [Client thread/WARN]: Author: Paul Lamb, www.paulscode.com
